<?xml version="1.0" encoding="UTF-8"?>
<!-- Generated by org.testng.reporters.JUnitReportReporter -->
<testsuite hostname="JARVIS" failures="0" tests="1" name="TestNG.HardAssertionExp" time="2.095" errors="0" timestamp="2025-08-14T18:38:29 IST" skipped="0">
  <testcase classname="TestNG.HardAssertionExp" name="VerifyHardAssert" time="2.095"/>
</testsuite> <!-- TestNG.HardAssertionExp -->
