<?xml version="1.0" encoding="UTF-8"?>
<!-- Generated by org.testng.reporters.JUnitReportReporter -->
<testsuite hostname="JARVIS" failures="0" tests="2" name="TestNG.hierachyInAnnotation" time="5.171" errors="0" timestamp="2025-08-14T18:38:29 IST" skipped="0">
  <testcase classname="TestNG.hierachyInAnnotation" name="testCase1" time="2.977"/>
  <testcase classname="TestNG.hierachyInAnnotation" name="testCase2" time="2.194"/>
</testsuite> <!-- TestNG.hierachyInAnnotation -->
